09:47:47 **** Incremental Build of configuration Debug for project I2I2 ****
make -r -j16 all 
Building file: ../src/I2I2-001-ChangeOnboardLEDColors.cpp
Building file: ../src/I2I2-003-ReadDigitalIn-OutputPIO.cpp
Invoking: MCU C++ Compiler
arm-none-eabi-c++ -DDEBUG -D__CODE_RED -D__NEWLIB__ -DCORE_M0PLUS -D__MTB_BUFFER_SIZE=256 -D__USE_ROMDIVIDE -D__USE_LPCOPEN -DCPP_USE_HEAP -D__LPC11U6X__ -I"C:\Users\TeddyP\Documents\MCUXpressoIDE_11.3.0_5222\workspace\lpc_board_nxp_lpcxpresso_11u68\inc" -I"C:\Users\TeddyP\Documents\MCUXpressoIDE_11.3.0_5222\workspace\lpc_chip_11u6x\inc" -O0 -fno-common -g3 -Wall -c -fmessage-length=0 -fno-builtin -ffunction-sections -fdata-sections -fno-rtti -fno-exceptions -fmerge-constants -fmacro-prefix-map="../src/"=. -mcpu=cortex-m0 -mthumb -fstack-usage -MMD -MP -MF"src/I2I2-001-ChangeOnboardLEDColors.d" -MT"src/I2I2-001-ChangeOnboardLEDColors.o" -MT"src/I2I2-001-ChangeOnboardLEDColors.d" -o "src/I2I2-001-ChangeOnboardLEDColors.o" "../src/I2I2-001-ChangeOnboardLEDColors.cpp"
Invoking: MCU C++ Compiler
arm-none-eabi-c++ -DDEBUG -D__CODE_RED -D__NEWLIB__ -DCORE_M0PLUS -D__MTB_BUFFER_SIZE=256 -D__USE_ROMDIVIDE -D__USE_LPCOPEN -DCPP_USE_HEAP -D__LPC11U6X__ -I"C:\Users\TeddyP\Documents\MCUXpressoIDE_11.3.0_5222\workspace\lpc_board_nxp_lpcxpresso_11u68\inc" -I"C:\Users\TeddyP\Documents\MCUXpressoIDE_11.3.0_5222\workspace\lpc_chip_11u6x\inc" -O0 -fno-common -g3 -Wall -c -fmessage-length=0 -fno-builtin -ffunction-sections -fdata-sections -fno-rtti -fno-exceptions -fmerge-constants -fmacro-prefix-map="../src/"=. -mcpu=cortex-m0 -mthumb -fstack-usage -MMD -MP -MF"src/I2I2-003-ReadDigitalIn-OutputPIO.d" -MT"src/I2I2-003-ReadDigitalIn-OutputPIO.o" -MT"src/I2I2-003-ReadDigitalIn-OutputPIO.d" -o "src/I2I2-003-ReadDigitalIn-OutputPIO.o" "../src/I2I2-003-ReadDigitalIn-OutputPIO.cpp"
Building file: ../src/I2I2-002-ReadPIO-ChangeBLED.cpp
Invoking: MCU C++ Compiler
arm-none-eabi-c++ -DDEBUG -D__CODE_RED -D__NEWLIB__ -DCORE_M0PLUS -D__MTB_BUFFER_SIZE=256 -D__USE_ROMDIVIDE -D__USE_LPCOPEN -DCPP_USE_HEAP -D__LPC11U6X__ -I"C:\Users\TeddyP\Documents\MCUXpressoIDE_11.3.0_5222\workspace\lpc_board_nxp_lpcxpresso_11u68\inc" -I"C:\Users\TeddyP\Documents\MCUXpressoIDE_11.3.0_5222\workspace\lpc_chip_11u6x\inc" -O0 -fno-common -g3 -Wall -c -fmessage-length=0 -fno-builtin -ffunction-sections -fdata-sections -fno-rtti -fno-exceptions -fmerge-constants -fmacro-prefix-map="../src/"=. -mcpu=cortex-m0 -mthumb -fstack-usage -MMD -MP -MF"src/I2I2-002-ReadPIO-ChangeBLED.d" -MT"src/I2I2-002-ReadPIO-ChangeBLED.o" -MT"src/I2I2-002-ReadPIO-ChangeBLED.d" -o "src/I2I2-002-ReadPIO-ChangeBLED.o" "../src/I2I2-002-ReadPIO-ChangeBLED.cpp"
../src/I2I2-002-ReadPIO-ChangeBLED.cpp: In function 'int main()':
../src/I2I2-002-ReadPIO-ChangeBLED.cpp:63:25: warning: unused variable 'i' [-Wunused-variable]
   63 |     volatile static int i = 0 ;
      |                         ^
../src/I2I2-003-ReadDigitalIn-OutputPIO.cpp: In function 'int main()':
../src/I2I2-003-ReadDigitalIn-OutputPIO.cpp:58:25: warning: unused variable 'i' [-Wunused-variable]
   58 |     volatile static int i = 0 ;
      |                         ^
../src/I2I2-001-ChangeOnboardLEDColors.cpp: In function 'int main()':
../src/I2I2-001-ChangeOnboardLEDColors.cpp:62:25: warning: unused variable 'i' [-Wunused-variable]
   62 |     volatile static int i = 0 ;
      |                         ^
Finished building: ../src/I2I2-002-ReadPIO-ChangeBLED.cpp
Finished building: ../src/I2I2-001-ChangeOnboardLEDColors.cpp
Finished building: ../src/I2I2-003-ReadDigitalIn-OutputPIO.cpp
 
 
 
Building target: I2I2.axf
Invoking: MCU C++ Linker
arm-none-eabi-c++ -nostdlib -L"C:\Users\TeddyP\Documents\MCUXpressoIDE_11.3.0_5222\workspace\lpc_board_nxp_lpcxpresso_11u68\Debug" -L"C:\Users\TeddyP\Documents\MCUXpressoIDE_11.3.0_5222\workspace\lpc_chip_11u6x\Debug" -Xlinker -Map="I2I2.map" -Xlinker --cref -Xlinker --gc-sections -Xlinker -print-memory-usage -mcpu=cortex-m0 -mthumb -T "I2I2_Debug.ld" -o "I2I2.axf"  ./src/I2I2-001-ChangeOnboardLEDColors.o ./src/I2I2-002-ReadPIO-ChangeBLED.o ./src/I2I2-003-ReadDigitalIn-OutputPIO.o ./src/I2I2.o ./src/aeabi_romdiv_patch.o ./src/cr_cpp_config.o ./src/cr_startup_lpc11u6x.o ./src/crp.o ./src/mtb.o ./src/sysinit.o   -llpc_board_nxp_lpcxpresso_11u68 -llpc_chip_11u6x
Memory region         Used Size  Region Size  %age Used
       MFlash256:        3492 B       256 KB      1.33%
         Ram0_32:         292 B        32 KB      0.89%
          Ram1_2:          0 GB         2 KB      0.00%
c:/nxp/mcuxpressoide_11.3.0_5222/ide/plugins/com.nxp.mcuxpresso.tools.win32_11.3.0.202008311133/tools/bin/../lib/gcc/arm-none-eabi/9.3.1/../../../../arm-none-eabi/bin/ld.exe: ./src/I2I2-002-ReadPIO-ChangeBLED.o: in function `main':
       Ram2USB_2:          0 GB         2 KB      0.00%
C:\Users\TeddyP\Documents\MCUXpressoIDE_11.3.0_5222\workspace\I2I2\Debug/../src/I2I2-002-ReadPIO-ChangeBLED.cpp:25: multiple definition of `main'; ./src/I2I2-001-ChangeOnboardLEDColors.o:C:\Users\TeddyP\Documents\MCUXpressoIDE_11.3.0_5222\workspace\I2I2\Debug/../src/I2I2-001-ChangeOnboardLEDColors.cpp:25: first defined here
c:/nxp/mcuxpressoide_11.3.0_5222/ide/plugins/com.nxp.mcuxpresso.tools.win32_11.3.0.202008311133/tools/bin/../lib/gcc/arm-none-eabi/9.3.1/../../../../arm-none-eabi/bin/ld.exe: ./src/I2I2-003-ReadDigitalIn-OutputPIO.o: in function `main':
C:\Users\TeddyP\Documents\MCUXpressoIDE_11.3.0_5222\workspace\I2I2\Debug/../src/I2I2-003-ReadDigitalIn-OutputPIO.cpp:25: multiple definition of `main'; ./src/I2I2-001-ChangeOnboardLEDColors.o:C:\Users\TeddyP\Documents\MCUXpressoIDE_11.3.0_5222\workspace\I2I2\Debug/../src/I2I2-001-ChangeOnboardLEDColors.cpp:25: first defined here
c:/nxp/mcuxpressoide_11.3.0_5222/ide/plugins/com.nxp.mcuxpresso.tools.win32_11.3.0.202008311133/tools/bin/../lib/gcc/arm-none-eabi/9.3.1/../../../../arm-none-eabi/bin/ld.exe: ./src/I2I2.o: in function `main':
C:\Users\TeddyP\Documents\MCUXpressoIDE_11.3.0_5222\workspace\I2I2\Debug/../src/I2I2.cpp:25: multiple definition of `main'; ./src/I2I2-001-ChangeOnboardLEDColors.o:C:\Users\TeddyP\Documents\MCUXpressoIDE_11.3.0_5222\workspace\I2I2\Debug/../src/I2I2-001-ChangeOnboardLEDColors.cpp:25: first defined here
collect2.exe: error: ld returned 1 exit status
make: *** [makefile:47: I2I2.axf] Error 1
"make -r -j16 all" terminated with exit code 2. Build might be incomplete.

09:47:49 Build Failed. 7 errors, 3 warnings. (took 1s.567ms)

